[2019-03-05 14:05:17,917 INFO root] Taurus CLI Tool v1.13.3
[2019-03-05 14:05:17,918 DEBUG root] Command-line options: {'verbose': None, 'no_system_configs': None, 'quiet': None, 'log': '/tmp/artifacts/bzt.log', 'option': ['settings.env.BLAZEMETER_KEY_ID=', 'settings.env.BLAZEMETER_KEY_SECRET='], 'aliases': []}
[2019-03-05 14:05:17,919 DEBUG root] Python: CPython 2.7.12
[2019-03-05 14:05:17,919 DEBUG root] OS: ('Linux', 'c0a8a66f7f8d', '4.9.87-linuxkit-aufs', '#1 SMP Wed Mar 14 15:12:16 UTC 2018', 'x86_64', 'x86_64')
[2019-03-05 14:05:17,920 INFO root] Starting with configs: ['execution.json', 'provisioning.json', 'scenarios.json']
[2019-03-05 14:05:17,921 DEBUG root] Using personal config: /root/.bzt-rc
[2019-03-05 14:05:17,921 INFO Engine] Configuring...
[2019-03-05 14:05:17,922 DEBUG Engine] Reading system configs from: /etc/bzt.d
[2019-03-05 14:05:17,944 DEBUG Engine] Base configs list: [u'/usr/local/lib/python2.7/dist-packages/bzt/resources/10-base-config.yml', '/etc/bzt.d/50-pbench-enhanced.json', '/etc/bzt.d/90-artifacts-dir.json', '/etc/bzt.d/99-zinstallID.json']
[2019-03-05 14:05:17,948 DEBUG Engine.Configuration] Configs: [u'/usr/local/lib/python2.7/dist-packages/bzt/resources/10-base-config.yml', '/etc/bzt.d/50-pbench-enhanced.json', '/etc/bzt.d/90-artifacts-dir.json', '/etc/bzt.d/99-zinstallID.json']
[2019-03-05 14:05:17,949 DEBUG Engine.Configuration] Reading /usr/local/lib/python2.7/dist-packages/bzt/resources/10-base-config.yml as YAML
[2019-03-05 14:05:17,981 DEBUG Engine.Configuration] Reading /etc/bzt.d/50-pbench-enhanced.json as YAML
[2019-03-05 14:05:17,982 DEBUG Engine.Configuration] Reading /etc/bzt.d/90-artifacts-dir.json as YAML
[2019-03-05 14:05:17,985 DEBUG Engine.Configuration] Reading /etc/bzt.d/99-zinstallID.json as YAML
[2019-03-05 14:05:17,994 DEBUG Engine] User configs list: ['/root/.bzt-rc', 'execution.json', 'provisioning.json', 'scenarios.json']
[2019-03-05 14:05:18,003 DEBUG Engine.Configuration] Configs: ['/root/.bzt-rc', 'execution.json', 'provisioning.json', 'scenarios.json']
[2019-03-05 14:05:18,004 DEBUG Engine.Configuration] Reading /root/.bzt-rc as YAML
[2019-03-05 14:05:18,012 DEBUG Engine.Configuration] Reading execution.json as YAML
[2019-03-05 14:05:18,017 DEBUG Engine.Configuration] Reading provisioning.json as YAML
[2019-03-05 14:05:18,028 DEBUG Engine.Configuration] Reading scenarios.json as YAML
[2019-03-05 14:05:18,034 DEBUG Engine.Configuration] Configs: ['/root/.bzt-rc', 'execution.json', 'provisioning.json', 'scenarios.json']
[2019-03-05 14:05:18,035 DEBUG Engine.Configuration] Reading /root/.bzt-rc as YAML
[2019-03-05 14:05:18,043 DEBUG Engine.Configuration] Reading execution.json as YAML
[2019-03-05 14:05:18,048 DEBUG Engine.Configuration] Reading provisioning.json as YAML
[2019-03-05 14:05:18,053 DEBUG Engine.Configuration] Reading scenarios.json as YAML
[2019-03-05 14:05:18,060 DEBUG Engine] Requesting updates info: http://gettaurus.org/updates/?version=1.13.3&installID=Docker
[2019-03-05 14:05:18,060 DEBUG ConfigOverrider] Applying settings.env.BLAZEMETER_KEY_ID=
[2019-03-05 14:05:18,061 DEBUG HTTPClient] Making HTTP request GET http://gettaurus.org/updates/?version=1.13.3&installID=Docker
[2019-03-05 14:05:18,061 DEBUG ConfigOverrider] Applying: [BLAZEMETER_KEY_ID]=
[2019-03-05 14:05:18,063 DEBUG urllib3.connectionpool] Starting new HTTP connection (1): gettaurus.org:80
[2019-03-05 14:05:18,064 DEBUG ConfigOverrider] Parsed override value: '' -> None (<type 'NoneType'>)
[2019-03-05 14:05:18,066 DEBUG ConfigOverrider] Applying settings.env.BLAZEMETER_KEY_SECRET=
[2019-03-05 14:05:18,066 DEBUG ConfigOverrider] Applying: [BLAZEMETER_KEY_SECRET]=
[2019-03-05 14:05:18,067 DEBUG ConfigOverrider] Parsed override value: '' -> None (<type 'NoneType'>)
[2019-03-05 14:05:18,067 INFO Engine] Artifacts dir: /tmp/artifacts
[2019-03-05 14:05:18,068 DEBUG Engine] New artifact filename: /tmp/artifacts/effective
[2019-03-05 14:05:18,072 DEBUG Engine.Configuration] Dumping YAML config into /tmp/artifacts/effective.yml
[2019-03-05 14:05:18,109 DEBUG Engine.Configuration] Dumping JSON config into /tmp/artifacts/effective.json
[2019-03-05 14:05:18,116 DEBUG Engine] New artifact filename: /tmp/artifacts/merged.yml
[2019-03-05 14:05:18,118 DEBUG Engine.Configuration] Dumping YAML config into /tmp/artifacts/merged.yml
[2019-03-05 14:05:18,123 DEBUG Engine] New artifact filename: /tmp/artifacts/merged.json
[2019-03-05 14:05:18,124 DEBUG Engine.Configuration] Dumping JSON config into /tmp/artifacts/merged.json
[2019-03-05 14:05:18,126 DEBUG Engine] Add existing artifact (move=False): execution.json
[2019-03-05 14:05:18,127 DEBUG Engine] Copying execution.json to /tmp/artifacts/execution.json
[2019-03-05 14:05:18,134 DEBUG Engine] Add existing artifact (move=False): provisioning.json
[2019-03-05 14:05:18,135 DEBUG Engine] Copying provisioning.json to /tmp/artifacts/provisioning.json
[2019-03-05 14:05:18,151 DEBUG Engine] Add existing artifact (move=False): scenarios.json
[2019-03-05 14:05:18,152 DEBUG Engine] Copying scenarios.json to /tmp/artifacts/scenarios.json
[2019-03-05 14:05:18,159 DEBUG root] Closing log handler: /tmp/artifacts/bzt.log
[2019-03-05 14:05:18,163 DEBUG root] Switched writing logs to /tmp/artifacts/bzt.log
[2019-03-05 14:05:18,163 DEBUG root] Linting config
[2019-03-05 14:05:18,167 INFO Engine] Preparing...
[2019-03-05 14:05:18,168 DEBUG Engine] Module config: consolidator {'class': u'bzt.modules.aggregator.ConsolidatingAggregator'}
[2019-03-05 14:05:18,175 DEBUG root] Importing module: bzt.modules.aggregator
[2019-03-05 14:05:18,248 DEBUG urllib3.connectionpool] http://gettaurus.org:80 "GET /updates/?version=1.13.3&installID=Docker HTTP/1.1" 200 40
[2019-03-05 14:05:18,252 DEBUG Engine] Taurus updates info: {u'needsUpgrade': False, u'latest': u'1.13.3'}
[2019-03-05 14:05:18,253 DEBUG Engine] Installation is up-to-date
[2019-03-05 14:05:18,264 DEBUG root] Loading class: 'ConsolidatingAggregator' from <module 'bzt.modules.aggregator' from '/usr/local/lib/python2.7/dist-packages/bzt/modules/aggregator.pyc'>
[2019-03-05 14:05:18,267 DEBUG Engine.consolidator] Buffer scaling setup: percentile 95.0 from [0.0, 50.0, 90.0, 95.0, 99.0, 99.9, 100.0] selected
[2019-03-05 14:05:18,268 DEBUG Engine] Module config: monitoring {'class': u'bzt.modules.monitoring.Monitoring'}
[2019-03-05 14:05:18,269 DEBUG root] Importing module: bzt.modules.monitoring
[2019-03-05 14:05:18,270 DEBUG root] Loading class: 'Monitoring' from <module 'bzt.modules.monitoring' from '/usr/local/lib/python2.7/dist-packages/bzt/modules/monitoring.pyc'>
[2019-03-05 14:05:18,271 DEBUG Engine] Module config: cloud {'class': u'bzt.modules.blazemeter.CloudProvisioning', 'token': '********', 'default-location': u'us-central1-a', 'timeout': u'7s', 'browser-open': u'start'}
[2019-03-05 14:05:18,272 DEBUG root] Importing module: bzt.modules.blazemeter
[2019-03-05 14:05:18,277 DEBUG easyprocess] version=0.2.5
[2019-03-05 14:05:18,278 DEBUG pyvirtualdisplay] version=0.2.1
[2019-03-05 14:05:18,280 DEBUG root] Loading class: 'CloudProvisioning' from <module 'bzt.modules.blazemeter' from '/usr/local/lib/python2.7/dist-packages/bzt/modules/blazemeter.pyc'>
[2019-03-05 14:05:18,281 DEBUG Engine] Module config: blazemeter {'class': u'bzt.modules.blazemeter.BlazeMeterUploader'}
[2019-03-05 14:05:18,281 DEBUG root] Importing module: bzt.modules.blazemeter
[2019-03-05 14:05:18,282 DEBUG root] Loading class: 'BlazeMeterUploader' from <module 'bzt.modules.blazemeter' from '/usr/local/lib/python2.7/dist-packages/bzt/modules/blazemeter.pyc'>
[2019-03-05 14:05:18,282 DEBUG Engine.cloud] Installing http client
[2019-03-05 14:05:18,283 DEBUG Engine.cloud] Request: GET https://a.blazemeter.com/api/v4/accounts None
[2019-03-05 14:05:18,283 DEBUG HTTPClient] Making HTTP request GET https://a.blazemeter.com/api/v4/accounts
[2019-03-05 14:05:18,285 DEBUG urllib3.connectionpool] Starting new HTTPS connection (1): a.blazemeter.com:443
[2019-03-05 14:05:18,707 DEBUG urllib3.connectionpool] https://a.blazemeter.com:443 "GET /api/v4/accounts HTTP/1.1" 401 121
[2019-03-05 14:05:18,718 DEBUG Engine.cloud] Response [401]: {
    "error": {
        "code": 401,
        "message": "Unauthorized"
    },
    "api_version": 4,
    "result": null
}
[2019-03-05 14:05:18,719 ERROR root] Network Error: API call error https://a.blazemeter.com/api/v4/accounts: {u'message': u'Unauthorized', u'code': 401}
[2019-03-05 14:05:18,721 DEBUG root] TaurusNetworkError: API call error https://a.blazemeter.com/api/v4/accounts: {u'message': u'Unauthorized', u'code': 401}
Traceback (most recent call last):
  File "/usr/local/lib/python2.7/dist-packages/bzt/cli.py", line 257, in perform
    self.engine.prepare()
  File "/usr/local/lib/python2.7/dist-packages/bzt/engine.py", line 206, in prepare
    self.__prepare_provisioning()
  File "/usr/local/lib/python2.7/dist-packages/bzt/engine.py", line 603, in __prepare_provisioning
    self.provisioning.prepare()
  File "/usr/local/lib/python2.7/dist-packages/bzt/modules/blazemeter.py", line 1478, in prepare
    self._workspaces = self.user.accounts().workspaces()
  File "/usr/local/lib/python2.7/dist-packages/bzt/bza.py", line 159, in accounts
    res = self._request(self.address + '/api/v4/accounts')
  File "/usr/local/lib/python2.7/dist-packages/bzt/bza.py", line 102, in _request
    raise TaurusNetworkError("API call error %s: %s" % (url, result['error']))
TaurusNetworkError: API call error https://a.blazemeter.com/api/v4/accounts: {u'message': u'Unauthorized', u'code': 401}
[2019-03-05 14:05:18,722 INFO Engine] Post-processing...
[2019-03-05 14:05:18,722 DEBUG Engine.consolidator] Consolidator buffer[0]: []
[2019-03-05 14:05:18,729 DEBUG Engine.Configuration] Dumping YAML config into /tmp/artifacts/effective.yml
[2019-03-05 14:05:18,768 DEBUG Engine.Configuration] Dumping JSON config into /tmp/artifacts/effective.json
[2019-03-05 14:05:18,770 INFO root] Artifacts dir: /tmp/artifacts
[2019-03-05 14:05:18,771 WARNING root] Done performing with code: 1
[2019-03-05 14:05:18,772 DEBUG root] Closing log handler: /tmp/artifacts/bzt.log
[2019-03-05 14:05:39,781 INFO root] Taurus CLI Tool v1.13.3
[2019-03-05 14:05:39,786 DEBUG root] Command-line options: {'verbose': None, 'no_system_configs': None, 'quiet': None, 'log': '/tmp/artifacts/bzt.log', 'option': ['settings.env.BLAZEMETER_KEY_ID=5cfe71a7ae13bb458a56fbc0', 'settings.env.BLAZEMETER_KEY_SECRET=1debf9fb90b36350093e333a4ee90c5c3f016591633f20bedc0c310f7657a0806ec05521'], 'aliases': []}
[2019-03-05 14:05:39,787 DEBUG root] Python: CPython 2.7.12
[2019-03-05 14:05:39,787 DEBUG root] OS: ('Linux', '2b11318fe68f', '4.9.87-linuxkit-aufs', '#1 SMP Wed Mar 14 15:12:16 UTC 2018', 'x86_64', 'x86_64')
[2019-03-05 14:05:39,788 INFO root] Starting with configs: ['execution.json', 'provisioning.json', 'scenarios.json']
[2019-03-05 14:05:39,788 DEBUG root] Using personal config: /root/.bzt-rc
[2019-03-05 14:05:39,789 INFO Engine] Configuring...
[2019-03-05 14:05:39,789 DEBUG Engine] Reading system configs from: /etc/bzt.d
[2019-03-05 14:05:39,810 DEBUG Engine] Base configs list: [u'/usr/local/lib/python2.7/dist-packages/bzt/resources/10-base-config.yml', '/etc/bzt.d/50-pbench-enhanced.json', '/etc/bzt.d/90-artifacts-dir.json', '/etc/bzt.d/99-zinstallID.json']
[2019-03-05 14:05:39,814 DEBUG Engine.Configuration] Configs: [u'/usr/local/lib/python2.7/dist-packages/bzt/resources/10-base-config.yml', '/etc/bzt.d/50-pbench-enhanced.json', '/etc/bzt.d/90-artifacts-dir.json', '/etc/bzt.d/99-zinstallID.json']
[2019-03-05 14:05:39,815 DEBUG Engine.Configuration] Reading /usr/local/lib/python2.7/dist-packages/bzt/resources/10-base-config.yml as YAML
[2019-03-05 14:05:39,845 DEBUG Engine.Configuration] Reading /etc/bzt.d/50-pbench-enhanced.json as YAML
[2019-03-05 14:05:39,849 DEBUG Engine.Configuration] Reading /etc/bzt.d/90-artifacts-dir.json as YAML
[2019-03-05 14:05:39,850 DEBUG Engine.Configuration] Reading /etc/bzt.d/99-zinstallID.json as YAML
[2019-03-05 14:05:39,851 DEBUG Engine] User configs list: ['/root/.bzt-rc', 'execution.json', 'provisioning.json', 'scenarios.json']
[2019-03-05 14:05:39,851 DEBUG Engine.Configuration] Configs: ['/root/.bzt-rc', 'execution.json', 'provisioning.json', 'scenarios.json']
[2019-03-05 14:05:39,852 DEBUG Engine.Configuration] Reading /root/.bzt-rc as YAML
[2019-03-05 14:05:39,861 DEBUG Engine.Configuration] Reading execution.json as YAML
[2019-03-05 14:05:39,870 DEBUG Engine.Configuration] Reading provisioning.json as YAML
[2019-03-05 14:05:39,886 DEBUG Engine.Configuration] Reading scenarios.json as YAML
[2019-03-05 14:05:39,891 DEBUG Engine.Configuration] Configs: ['/root/.bzt-rc', 'execution.json', 'provisioning.json', 'scenarios.json']
[2019-03-05 14:05:39,892 DEBUG Engine.Configuration] Reading /root/.bzt-rc as YAML
[2019-03-05 14:05:39,902 DEBUG Engine.Configuration] Reading execution.json as YAML
[2019-03-05 14:05:39,910 DEBUG Engine.Configuration] Reading provisioning.json as YAML
[2019-03-05 14:05:39,914 DEBUG Engine.Configuration] Reading scenarios.json as YAML
[2019-03-05 14:05:39,918 DEBUG Engine] Requesting updates info: http://gettaurus.org/updates/?version=1.13.3&installID=Docker
[2019-03-05 14:05:39,918 DEBUG ConfigOverrider] Applying settings.env.BLAZEMETER_KEY_ID=5cfe71a7ae13bb458a56fbc0
[2019-03-05 14:05:39,923 DEBUG HTTPClient] Making HTTP request GET http://gettaurus.org/updates/?version=1.13.3&installID=Docker
[2019-03-05 14:05:39,935 DEBUG ConfigOverrider] Applying: [BLAZEMETER_KEY_ID]=5cfe71a7ae13bb458a56fbc0
[2019-03-05 14:05:39,938 DEBUG ConfigOverrider] Parsed override value: '5cfe71a7ae13bb458a56fbc0' -> '5cfe71a7ae13bb458a56fbc0' (<type 'str'>)
[2019-03-05 14:05:39,939 DEBUG urllib3.connectionpool] Starting new HTTP connection (1): gettaurus.org:80
[2019-03-05 14:05:39,939 DEBUG ConfigOverrider] Applying settings.env.BLAZEMETER_KEY_SECRET=1debf9fb90b36350093e333a4ee90c5c3f016591633f20bedc0c310f7657a0806ec05521
[2019-03-05 14:05:39,940 DEBUG ConfigOverrider] Applying: [BLAZEMETER_KEY_SECRET]=1debf9fb90b36350093e333a4ee90c5c3f016591633f20bedc0c310f7657a0806ec05521
[2019-03-05 14:05:39,941 DEBUG ConfigOverrider] Parsed override value: '1debf9fb90b36350093e333a4ee90c5c3f016591633f20bedc0c310f7657a0806ec05521' -> '1debf9fb90b36350093e333a4ee90c5c3f016591633f20bedc0c310f7657a0806ec05521' (<type 'str'>)
[2019-03-05 14:05:39,942 INFO Engine] Artifacts dir: /tmp/artifacts
[2019-03-05 14:05:39,943 DEBUG Engine] New artifact filename: /tmp/artifacts/effective
[2019-03-05 14:05:39,957 DEBUG Engine.Configuration] Dumping YAML config into /tmp/artifacts/effective.yml
[2019-03-05 14:05:39,990 DEBUG Engine.Configuration] Dumping JSON config into /tmp/artifacts/effective.json
[2019-03-05 14:05:39,994 DEBUG Engine] New artifact filename: /tmp/artifacts/merged-1.yml
[2019-03-05 14:05:39,995 DEBUG Engine.Configuration] Dumping YAML config into /tmp/artifacts/merged-1.yml
[2019-03-05 14:05:40,001 DEBUG Engine] New artifact filename: /tmp/artifacts/merged-1.json
[2019-03-05 14:05:40,003 DEBUG Engine.Configuration] Dumping JSON config into /tmp/artifacts/merged-1.json
[2019-03-05 14:05:40,015 DEBUG Engine] Add existing artifact (move=False): execution.json
[2019-03-05 14:05:40,016 DEBUG Engine] Copying execution.json to /tmp/artifacts/execution.json
[2019-03-05 14:05:40,024 DEBUG Engine] Add existing artifact (move=False): provisioning.json
[2019-03-05 14:05:40,027 DEBUG Engine] Copying provisioning.json to /tmp/artifacts/provisioning.json
[2019-03-05 14:05:40,056 DEBUG Engine] Add existing artifact (move=False): scenarios.json
[2019-03-05 14:05:40,057 DEBUG Engine] Copying scenarios.json to /tmp/artifacts/scenarios.json
[2019-03-05 14:05:40,078 DEBUG root] Closing log handler: /tmp/artifacts/bzt.log
[2019-03-05 14:05:40,081 DEBUG root] Switched writing logs to /tmp/artifacts/bzt.log
[2019-03-05 14:05:40,082 DEBUG root] Linting config
[2019-03-05 14:05:40,085 INFO Engine] Preparing...
[2019-03-05 14:05:40,086 DEBUG Engine] Module config: consolidator {'class': u'bzt.modules.aggregator.ConsolidatingAggregator'}
[2019-03-05 14:05:40,087 DEBUG urllib3.connectionpool] http://gettaurus.org:80 "GET /updates/?version=1.13.3&installID=Docker HTTP/1.1" 200 40
[2019-03-05 14:05:40,087 DEBUG root] Importing module: bzt.modules.aggregator
[2019-03-05 14:05:40,089 DEBUG Engine] Taurus updates info: {u'needsUpgrade': False, u'latest': u'1.13.3'}
[2019-03-05 14:05:40,113 DEBUG Engine] Installation is up-to-date
[2019-03-05 14:05:40,188 DEBUG root] Loading class: 'ConsolidatingAggregator' from <module 'bzt.modules.aggregator' from '/usr/local/lib/python2.7/dist-packages/bzt/modules/aggregator.pyc'>
[2019-03-05 14:05:40,191 DEBUG Engine.consolidator] Buffer scaling setup: percentile 95.0 from [0.0, 50.0, 90.0, 95.0, 99.0, 99.9, 100.0] selected
[2019-03-05 14:05:40,192 DEBUG Engine] Module config: monitoring {'class': u'bzt.modules.monitoring.Monitoring'}
[2019-03-05 14:05:40,192 DEBUG root] Importing module: bzt.modules.monitoring
[2019-03-05 14:05:40,194 DEBUG root] Loading class: 'Monitoring' from <module 'bzt.modules.monitoring' from '/usr/local/lib/python2.7/dist-packages/bzt/modules/monitoring.pyc'>
[2019-03-05 14:05:40,194 DEBUG Engine] Module config: cloud {'class': u'bzt.modules.blazemeter.CloudProvisioning', 'token': '********', 'default-location': u'us-central1-a', 'timeout': u'7s', 'browser-open': u'start'}
[2019-03-05 14:05:40,195 DEBUG root] Importing module: bzt.modules.blazemeter
[2019-03-05 14:05:40,199 DEBUG easyprocess] version=0.2.5
[2019-03-05 14:05:40,200 DEBUG pyvirtualdisplay] version=0.2.1
[2019-03-05 14:05:40,201 DEBUG root] Loading class: 'CloudProvisioning' from <module 'bzt.modules.blazemeter' from '/usr/local/lib/python2.7/dist-packages/bzt/modules/blazemeter.pyc'>
[2019-03-05 14:05:40,207 DEBUG Engine] Module config: blazemeter {'class': u'bzt.modules.blazemeter.BlazeMeterUploader'}
[2019-03-05 14:05:40,213 DEBUG root] Importing module: bzt.modules.blazemeter
[2019-03-05 14:05:40,214 DEBUG root] Loading class: 'BlazeMeterUploader' from <module 'bzt.modules.blazemeter' from '/usr/local/lib/python2.7/dist-packages/bzt/modules/blazemeter.pyc'>
[2019-03-05 14:05:40,215 DEBUG Engine.cloud] Installing http client
[2019-03-05 14:05:40,216 DEBUG Engine.cloud] Request: GET https://a.blazemeter.com/api/v4/accounts None
[2019-03-05 14:05:40,216 DEBUG HTTPClient] Making HTTP request GET https://a.blazemeter.com/api/v4/accounts
[2019-03-05 14:05:40,219 DEBUG urllib3.connectionpool] Starting new HTTPS connection (1): a.blazemeter.com:443
[2019-03-05 14:05:40,738 DEBUG urllib3.connectionpool] https://a.blazemeter.com:443 "GET /api/v4/accounts HTTP/1.1" 200 1171
[2019-03-05 14:05:40,744 DEBUG Engine.cloud] Response [200]: {
    "limit": 10,
    "skip": 0,
    "total": 1,
    "hidden": 0,
    "api_version": 4,
    "error": null,
    "result": [
        {
            "id": 109940,
            "name": "News UK",
            "thumbnailUrl": null,
            "salesforceId": "00
[2019-03-05 14:05:40,749 DEBUG Engine.cloud] Request: GET https://a.blazemeter.com/api/v4/workspaces?accountId=109940&enabled=true&limit=100 None
[2019-03-05 14:05:40,755 DEBUG HTTPClient] Making HTTP request GET https://a.blazemeter.com/api/v4/workspaces?accountId=109940&enabled=true&limit=100
[2019-03-05 14:05:40,966 DEBUG urllib3.connectionpool] https://a.blazemeter.com:443 "GET /api/v4/workspaces?accountId=109940&enabled=true&limit=100 HTTP/1.1" 200 761
[2019-03-05 14:05:40,974 DEBUG Engine.cloud] Response [200]: {
    "limit": 100,
    "skip": 0,
    "total": 1,
    "hidden": 0,
    "api_version": 4,
    "error": null,
    "result": [
        {
            "id": 189923,
            "name": "The Times",
            "userId": 157201,
            "created": 151628342
[2019-03-05 14:05:40,980 DEBUG Engine] Module config: jmeter {'properties': {'jmeter.save.saveservice.autoflush': u'true', 'jmeter.save.saveservice.connect_time': u'true', 'summariser.name': u'', 'jmeterengine.force.system.exit': u'true'}, 'plugins': [u'jpgc-casutg', u'jpgc-dummy', u'jpgc-ffw', u'jpgc-fifo', u'jpgc-functions', u'jpgc-json', u'jpgc-perfmon', u'jpgc-prmctl', u'jpgc-tst'], 'class': u'bzt.modules.jmeter.JMeterExecutor', 'protocol-handlers': {'http': u'bzt.jmx.http.HTTPProtocolHandler'}}
[2019-03-05 14:05:40,985 DEBUG root] Importing module: bzt.modules.jmeter
[2019-03-05 14:05:40,999 DEBUG root] Loading class: 'JMeterExecutor' from <module 'bzt.modules.jmeter' from '/usr/local/lib/python2.7/dist-packages/bzt/modules/jmeter.pyc'>
[2019-03-05 14:05:41,000 DEBUG Engine.cloud.ProjectFinder] Parsed test link: None
[2019-03-05 14:05:41,008 DEBUG Engine.cloud] Request: GET https://a.blazemeter.com/api/v4/user None
[2019-03-05 14:05:41,014 DEBUG HTTPClient] Making HTTP request GET https://a.blazemeter.com/api/v4/user
[2019-03-05 14:05:41,211 DEBUG urllib3.connectionpool] https://a.blazemeter.com:443 "GET /api/v4/user HTTP/1.1" 200 2274
[2019-03-05 14:05:41,219 DEBUG Engine.cloud] Response [200]: {
    "api_version": 4,
    "error": null,
    "result": {
        "id": 440381,
        "email": "tools@news.co.uk",
        "passwordUpdateTime": 1525255648,
        "access": 1551794698,
        "login": 1551793533,
        "firstName": "Tools",
       
[2019-03-05 14:05:41,224 DEBUG Engine.cloud] Request: GET https://a.blazemeter.com/api/v4/accounts None
[2019-03-05 14:05:41,230 DEBUG HTTPClient] Making HTTP request GET https://a.blazemeter.com/api/v4/accounts
[2019-03-05 14:05:41,442 DEBUG urllib3.connectionpool] https://a.blazemeter.com:443 "GET /api/v4/accounts HTTP/1.1" 200 1171
[2019-03-05 14:05:41,448 DEBUG Engine.cloud] Response [200]: {
    "limit": 10,
    "skip": 0,
    "total": 1,
    "hidden": 0,
    "api_version": 4,
    "error": null,
    "result": [
        {
            "id": 109940,
            "name": "News UK",
            "thumbnailUrl": null,
            "salesforceId": "00
[2019-03-05 14:05:41,453 DEBUG Engine.cloud.ProjectFinder] Using default account: {u'taurusCloudUrl': None, u'updated': 1549801176, u'migratedToV4': None, u'disclaimerMessage': None, u'apiKeyExpiration': None, u'inviteContactEmail': None, u'owner': {u'displayName': u'Peter Woods', u'id': 157201, u'email': u'peter.woods1@news.co.uk'}, u'jetlagJavaPath': None, u'membersCount': 57, u'thumbnailUrl': None, u'underMigration': None, u'id': 109940, u'appUrl': u'https://a.blazemeter.com', u'workspacesCount': 19, u'name': u'News UK', u'created': 1482656952, u'jetpackUrl': u'default-jetpack', u'totangoId': None, u'runscopeUrl': None, u'jmeterPluginsUrl': None, u'inviteContactName': None, u'jetLagUrl': u'default-jetlag', u'salesforceId': u'0012000001SALR3AAP', u'sessionDelayedStart': 180}
[2019-03-05 14:05:41,459 DEBUG Engine.cloud] Request: GET https://a.blazemeter.com/api/v4/workspaces?accountId=109940&enabled=true&limit=100 None
[2019-03-05 14:05:41,469 DEBUG HTTPClient] Making HTTP request GET https://a.blazemeter.com/api/v4/workspaces?accountId=109940&enabled=true&limit=100
[2019-03-05 14:05:41,684 DEBUG urllib3.connectionpool] https://a.blazemeter.com:443 "GET /api/v4/workspaces?accountId=109940&enabled=true&limit=100 HTTP/1.1" 200 761
[2019-03-05 14:05:41,690 DEBUG Engine.cloud] Response [200]: {
    "limit": 100,
    "skip": 0,
    "total": 1,
    "hidden": 0,
    "api_version": 4,
    "error": null,
    "result": [
        {
            "id": 189923,
            "name": "The Times",
            "userId": 157201,
            "created": 151628342
[2019-03-05 14:05:41,696 DEBUG Engine.cloud.ProjectFinder] Using first workspace: {u'updated': 1549374421, u'name': u'The Times', u'created': 1516283428, u'enabled': True, u'userId': 157201, u'dedicatedIpsEnabled': True, u'privateLocationsEnabled': True, u'owner': {u'displayName': u'Peter Woods', u'id': 157201, u'email': u'peter.woods1@news.co.uk'}, u'membersCount': 15, u'accountId': 109940, u'id': 189923, u'allowance': {u'amount': 2074, u'type': u'hours'}}
[2019-03-05 14:05:41,702 DEBUG Engine.cloud] Request: GET https://a.blazemeter.com/api/v4/user None
[2019-03-05 14:05:41,707 DEBUG HTTPClient] Making HTTP request GET https://a.blazemeter.com/api/v4/user
[2019-03-05 14:05:41,910 DEBUG urllib3.connectionpool] https://a.blazemeter.com:443 "GET /api/v4/user HTTP/1.1" 200 2274
[2019-03-05 14:05:41,917 DEBUG Engine.cloud] Response [200]: {
    "api_version": 4,
    "error": null,
    "result": {
        "id": 440381,
        "email": "tools@news.co.uk",
        "passwordUpdateTime": 1525255648,
        "access": 1551794698,
        "login": 1551793533,
        "firstName": "Tools",
       
[2019-03-05 14:05:41,932 DEBUG Engine.cloud.ProjectFinder] Looking for default project: 245647
[2019-03-05 14:05:41,938 DEBUG Engine.cloud] Request: GET https://a.blazemeter.com/api/v4/projects?workspaceId=189923 None
[2019-03-05 14:05:41,943 DEBUG HTTPClient] Making HTTP request GET https://a.blazemeter.com/api/v4/projects?workspaceId=189923
[2019-03-05 14:05:42,156 DEBUG urllib3.connectionpool] https://a.blazemeter.com:443 "GET /api/v4/projects?workspaceId=189923 HTTP/1.1" 200 2995
[2019-03-05 14:05:42,158 DEBUG Engine.cloud] Response [200]: {
    "limit": 10,
    "skip": 0,
    "total": 18,
    "hidden": 0,
    "api_version": 4,
    "error": null,
    "result": [
        {
            "id": 245647,
            "name": "Default project",
            "userId": null,
            "description": n
[2019-03-05 14:05:42,161 DEBUG Engine.cloud] Request: GET https://a.blazemeter.com/api/v4/multi-tests?projectId=245647&name=Taurus+Cloud+Test None
[2019-03-05 14:05:42,166 DEBUG HTTPClient] Making HTTP request GET https://a.blazemeter.com/api/v4/multi-tests?projectId=245647&name=Taurus+Cloud+Test
[2019-03-05 14:05:42,367 DEBUG urllib3.connectionpool] https://a.blazemeter.com:443 "GET /api/v4/multi-tests?projectId=245647&name=Taurus+Cloud+Test HTTP/1.1" 200 126
[2019-03-05 14:05:42,373 DEBUG Engine.cloud] Response [200]: {
    "limit": 10,
    "skip": 0,
    "total": 0,
    "hidden": 0,
    "api_version": 4,
    "error": null,
    "result": []
}
[2019-03-05 14:05:42,378 DEBUG Engine.cloud] Request: GET https://a.blazemeter.com/api/v4/tests?projectId=245647&name=Taurus+Cloud+Test None
[2019-03-05 14:05:42,388 DEBUG HTTPClient] Making HTTP request GET https://a.blazemeter.com/api/v4/tests?projectId=245647&name=Taurus+Cloud+Test
[2019-03-05 14:05:42,615 DEBUG urllib3.connectionpool] https://a.blazemeter.com:443 "GET /api/v4/tests?projectId=245647&name=Taurus+Cloud+Test HTTP/1.1" 200 4827
[2019-03-05 14:05:42,621 DEBUG Engine.cloud] Response [200]: {
    "limit": 10,
    "skip": 0,
    "total": 1,
    "hidden": 0,
    "api_version": 4,
    "error": null,
    "result": [
        {
            "id": 6216750,
            "name": "Taurus Cloud Test",
            "isNewTest": true,
            "userId": 4
[2019-03-05 14:05:42,628 DEBUG Engine.cloud.ProjectFinder] Detected test type: standard
[2019-03-05 14:05:42,632 DEBUG Engine.cloud] Request: GET https://a.blazemeter.com/api/v4/workspaces/189923 None
[2019-03-05 14:05:42,638 DEBUG HTTPClient] Making HTTP request GET https://a.blazemeter.com/api/v4/workspaces/189923
[2019-03-05 14:05:43,271 DEBUG urllib3.connectionpool] https://a.blazemeter.com:443 "GET /api/v4/workspaces/189923 HTTP/1.1" 200 None
[2019-03-05 14:05:43,367 DEBUG Engine.cloud] Response [200]: {
    "api_version": 4,
    "error": null,
    "result": {
        "id": 189923,
        "name": "The Times",
        "userId": 157201,
        "created": 1516283428,
        "updated": 1549374421,
        "enabled": true,
        "dedicatedIpsEnabled": tr
[2019-03-05 14:05:43,391 WARNING Engine] Could not find location at path: /path/data.csv
[2019-03-05 14:05:43,395 ERROR root] Config Error: jmeter/google: resource file '/path/data.csv' not found
[2019-03-05 14:05:43,398 DEBUG root] TaurusConfigError: jmeter/google: resource file '/path/data.csv' not found
Traceback (most recent call last):
  File "/usr/local/lib/python2.7/dist-packages/bzt/cli.py", line 257, in perform
    self.engine.prepare()
  File "/usr/local/lib/python2.7/dist-packages/bzt/engine.py", line 206, in prepare
    self.__prepare_provisioning()
  File "/usr/local/lib/python2.7/dist-packages/bzt/engine.py", line 603, in __prepare_provisioning
    self.provisioning.prepare()
  File "/usr/local/lib/python2.7/dist-packages/bzt/modules/blazemeter.py", line 1503, in prepare
    res_files = self.get_rfiles()
  File "/usr/local/lib/python2.7/dist-packages/bzt/modules/blazemeter.py", line 1374, in get_rfiles
    raise TaurusConfigError("%s: resource file '%s' not found" % (executor, rfile))
TaurusConfigError: jmeter/google: resource file '/path/data.csv' not found
[2019-03-05 14:05:43,400 INFO Engine] Post-processing...
[2019-03-05 14:05:43,403 DEBUG Engine.consolidator] Consolidator buffer[0]: []
[2019-03-05 14:05:43,412 DEBUG Engine.Configuration] Dumping YAML config into /tmp/artifacts/effective.yml
[2019-03-05 14:05:43,474 DEBUG Engine.Configuration] Dumping JSON config into /tmp/artifacts/effective.json
[2019-03-05 14:05:43,485 INFO root] Artifacts dir: /tmp/artifacts
[2019-03-05 14:05:43,495 WARNING root] Done performing with code: 1
[2019-03-05 14:05:43,501 DEBUG root] Closing log handler: /tmp/artifacts/bzt.log
